(N) 2024-10-13T18:40:39 - qBittorrent v5.0.0 started. Process ID: 148
(N) 2024-10-13T18:40:39 - Using config directory: /config/qBittorrent
(N) 2024-10-13T18:40:39 - Trying to listen on the following list of IP addresses: "0.0.0.0:6881,[::]:6881"
(I) 2024-10-13T18:40:39 - Peer ID: "-qB5000-"
(I) 2024-10-13T18:40:39 - HTTP User-Agent: "qBittorrent/5.0.0"
(I) 2024-10-13T18:40:39 - Distributed Hash Table (DHT) support: ON
(I) 2024-10-13T18:40:39 - Local Peer Discovery support: ON
(I) 2024-10-13T18:40:39 - Peer Exchange (PeX) support: ON
(I) 2024-10-13T18:40:39 - Anonymous mode: OFF
(I) 2024-10-13T18:40:39 - Encryption support: ON
(I) 2024-10-13T18:40:39 - Successfully listening on IP. IP: "127.0.0.1". Port: "TCP/6881"
(I) 2024-10-13T18:40:39 - Successfully listening on IP. IP: "127.0.0.1". Port: "UTP/6881"
(I) 2024-10-13T18:40:39 - Successfully listening on IP. IP: "172.24.0.4". Port: "TCP/6881"
(I) 2024-10-13T18:40:39 - Successfully listening on IP. IP: "172.24.0.4". Port: "UTP/6881"
(W) 2024-10-13T18:40:39 - Couldn't load IP geolocation database. Reason: No such file or directory
(N) 2024-10-13T18:40:40 - Using built-in WebUI.
(W) 2024-10-13T18:40:40 - Couldn't load WebUI translation for selected locale (C).
(N) 2024-10-13T18:40:40 - WebUI: Now listening on IP: *, port: 8090
(I) 2024-10-13T18:40:40 - Detected external IP. IP: "73.195.114.125"
(I) 2024-10-13T18:40:40 - IP geolocation database loaded. Type: DBIP-Country-Lite. Build time: Mon Sep 30 20:47:11 2024.
(I) 2024-10-13T18:40:43 - Successfully updated IP geolocation database.
(N) 2024-10-13T19:46:22 - qBittorrent termination initiated
(N) 2024-10-13T19:46:24 - Saving resume data completed.
(N) 2024-10-13T19:46:25 - BitTorrent session successfully finished.
(N) 2024-10-13T19:46:25 - qBittorrent is now ready to exit
(N) 2024-10-13T19:49:34 - qBittorrent v5.0.0 started. Process ID: 146
(N) 2024-10-13T19:49:34 - Using config directory: /config/qBittorrent
(N) 2024-10-13T19:49:35 - Trying to listen on the following list of IP addresses: "0.0.0.0:6881,[::]:6881"
(I) 2024-10-13T19:49:35 - Peer ID: "-qB5000-"
(I) 2024-10-13T19:49:35 - HTTP User-Agent: "qBittorrent/5.0.0"
(I) 2024-10-13T19:49:35 - Distributed Hash Table (DHT) support: ON
(I) 2024-10-13T19:49:35 - Local Peer Discovery support: ON
(I) 2024-10-13T19:49:35 - Peer Exchange (PeX) support: ON
(I) 2024-10-13T19:49:35 - Anonymous mode: OFF
(I) 2024-10-13T19:49:35 - Encryption support: ON
(I) 2024-10-13T19:49:35 - Successfully listening on IP. IP: "127.0.0.1". Port: "TCP/6881"
(I) 2024-10-13T19:49:35 - Successfully listening on IP. IP: "127.0.0.1". Port: "UTP/6881"
(I) 2024-10-13T19:49:35 - IP geolocation database loaded. Type: DBIP-Country-Lite. Build time: Mon Sep 30 20:47:11 2024.
(N) 2024-10-13T19:49:36 - Using built-in WebUI.
(W) 2024-10-13T19:49:36 - Couldn't load WebUI translation for selected locale (C).
(N) 2024-10-13T19:49:36 - WebUI: Now listening on IP: *, port: 8090
(W) 2024-10-13T19:49:40 - Couldn't download IP geolocation database file. Reason: The remote host name was not found (invalid hostname)
(N) 2024-10-13T20:02:09 - qBittorrent termination initiated
(N) 2024-10-13T20:02:09 - Saving resume data completed.
(N) 2024-10-13T20:02:09 - BitTorrent session successfully finished.
(N) 2024-10-13T20:02:10 - qBittorrent is now ready to exit
(N) 2024-10-13T20:02:36 - qBittorrent v5.0.0 started. Process ID: 148
(N) 2024-10-13T20:02:36 - Using config directory: /config/qBittorrent
(N) 2024-10-13T20:02:36 - Trying to listen on the following list of IP addresses: "0.0.0.0:6881,[::]:6881"
(I) 2024-10-13T20:02:36 - Peer ID: "-qB5000-"
(I) 2024-10-13T20:02:36 - HTTP User-Agent: "qBittorrent/5.0.0"
(I) 2024-10-13T20:02:36 - Distributed Hash Table (DHT) support: ON
(I) 2024-10-13T20:02:36 - Local Peer Discovery support: ON
(I) 2024-10-13T20:02:36 - Peer Exchange (PeX) support: ON
(I) 2024-10-13T20:02:36 - Anonymous mode: OFF
(I) 2024-10-13T20:02:36 - Encryption support: ON
(I) 2024-10-13T20:02:36 - Successfully listening on IP. IP: "127.0.0.1". Port: "TCP/6881"
(I) 2024-10-13T20:02:36 - Successfully listening on IP. IP: "127.0.0.1". Port: "UTP/6881"
(I) 2024-10-13T20:02:36 - IP geolocation database loaded. Type: DBIP-Country-Lite. Build time: Mon Sep 30 20:47:11 2024.
(N) 2024-10-13T20:02:37 - Using built-in WebUI.
(W) 2024-10-13T20:02:37 - Couldn't load WebUI translation for selected locale (C).
(N) 2024-10-13T20:02:37 - WebUI: Now listening on IP: *, port: 8090
(W) 2024-10-13T20:02:41 - Couldn't download IP geolocation database file. Reason: The remote host name was not found (invalid hostname)
(N) 2024-10-13T20:32:52 - qBittorrent termination initiated
(N) 2024-10-13T20:32:53 - Saving resume data completed.
(N) 2024-10-13T20:32:53 - BitTorrent session successfully finished.
(N) 2024-10-13T20:32:54 - qBittorrent is now ready to exit
(N) 2024-10-13T20:35:31 - qBittorrent v5.0.0 started. Process ID: 145
(N) 2024-10-13T20:35:31 - Using config directory: /config/qBittorrent
(N) 2024-10-13T20:35:31 - Trying to listen on the following list of IP addresses: "0.0.0.0:6881,[::]:6881"
(I) 2024-10-13T20:35:31 - Peer ID: "-qB5000-"
(I) 2024-10-13T20:35:31 - HTTP User-Agent: "qBittorrent/5.0.0"
(I) 2024-10-13T20:35:31 - Distributed Hash Table (DHT) support: ON
(I) 2024-10-13T20:35:31 - Local Peer Discovery support: ON
(I) 2024-10-13T20:35:31 - Peer Exchange (PeX) support: ON
(I) 2024-10-13T20:35:31 - Anonymous mode: OFF
(I) 2024-10-13T20:35:31 - Encryption support: ON
(I) 2024-10-13T20:35:31 - Successfully listening on IP. IP: "127.0.0.1". Port: "TCP/6881"
(I) 2024-10-13T20:35:31 - Successfully listening on IP. IP: "127.0.0.1". Port: "UTP/6881"
(I) 2024-10-13T20:35:31 - Successfully listening on IP. IP: "10.10.101.6". Port: "TCP/6881"
(I) 2024-10-13T20:35:31 - Successfully listening on IP. IP: "10.10.101.6". Port: "UTP/6881"
(I) 2024-10-13T20:35:31 - Successfully listening on IP. IP: "172.25.0.4". Port: "TCP/6881"
(I) 2024-10-13T20:35:31 - Successfully listening on IP. IP: "172.25.0.4". Port: "UTP/6881"
(I) 2024-10-13T20:35:31 - IP geolocation database loaded. Type: DBIP-Country-Lite. Build time: Mon Sep 30 20:47:11 2024.
(N) 2024-10-13T20:35:32 - Using built-in WebUI.
(W) 2024-10-13T20:35:32 - Couldn't load WebUI translation for selected locale (C).
(N) 2024-10-13T20:35:32 - WebUI: Now listening on IP: *, port: 8090
(I) 2024-10-13T20:35:34 - Detected external IP. IP: "109.201.135.166"
(W) 2024-10-13T20:44:12 - WebAPI login failure. Reason: invalid credentials, attempt count: 1, IP: ::ffff:172.25.0.1, username: admin
(W) 2024-10-13T20:44:23 - WebAPI login failure. Reason: invalid credentials, attempt count: 2, IP: ::ffff:172.25.0.1, username: delorenj
(W) 2024-10-13T20:44:35 - WebAPI login failure. Reason: invalid credentials, attempt count: 3, IP: ::ffff:172.25.0.1, username: admin
(W) 2024-10-13T20:44:56 - WebAPI login failure. Reason: invalid credentials, attempt count: 4, IP: ::ffff:172.25.0.1, username: admin
(W) 2024-10-13T20:45:04 - WebAPI login failure. Reason: invalid credentials, attempt count: 5, IP: ::ffff:172.25.0.1, username: admin
(W) 2024-10-13T20:45:27 - WebAPI login failure. Reason: IP has been banned, IP: ::ffff:172.25.0.1, username: delorenj
(W) 2024-10-13T20:45:32 - WebAPI login failure. Reason: IP has been banned, IP: ::ffff:172.25.0.1, username: delorenj
(W) 2024-10-13T20:45:37 - WebAPI login failure. Reason: IP has been banned, IP: ::ffff:172.25.0.1, username: delorenj
(W) 2024-10-13T20:47:16 - WebAPI login failure. Reason: IP has been banned, IP: ::ffff:172.25.0.1, username: admin
(W) 2024-10-13T20:48:30 - WebAPI login failure. Reason: IP has been banned, IP: ::ffff:172.25.0.1, username: admin
(W) 2024-10-13T20:48:49 - WebAPI login failure. Reason: IP has been banned, IP: ::ffff:172.25.0.1, username: admin
(W) 2024-10-13T20:49:04 - WebAPI login failure. Reason: IP has been banned, IP: ::ffff:172.25.0.1, username: admin
(W) 2024-10-13T20:50:45 - WebAPI login failure. Reason: IP has been banned, IP: ::ffff:172.25.0.1, username: admin
(W) 2024-10-13T20:50:54 - WebAPI login failure. Reason: IP has been banned, IP: ::ffff:172.25.0.1, username: admin
(W) 2024-10-13T20:51:03 - WebAPI login failure. Reason: IP has been banned, IP: ::ffff:172.25.0.1, username: admin
(W) 2024-10-13T20:51:46 - WebAPI login failure. Reason: IP has been banned, IP: ::ffff:172.25.0.1, username: admin
(N) 2024-10-13T20:52:18 - qBittorrent termination initiated
(N) 2024-10-13T20:52:19 - Saving resume data completed.
(N) 2024-10-13T20:52:20 - BitTorrent session successfully finished.
(N) 2024-10-13T20:52:21 - qBittorrent is now ready to exit
(N) 2024-10-13T20:54:13 - qBittorrent v5.0.0 started. Process ID: 146
(N) 2024-10-13T20:54:13 - Using config directory: /config/qBittorrent
(N) 2024-10-13T20:54:15 - Trying to listen on the following list of IP addresses: "0.0.0.0:6881,[::]:6881"
(I) 2024-10-13T20:54:15 - Peer ID: "-qB5000-"
(I) 2024-10-13T20:54:15 - HTTP User-Agent: "qBittorrent/5.0.0"
(I) 2024-10-13T20:54:15 - Distributed Hash Table (DHT) support: ON
(I) 2024-10-13T20:54:15 - Local Peer Discovery support: ON
(I) 2024-10-13T20:54:15 - Peer Exchange (PeX) support: ON
(I) 2024-10-13T20:54:15 - Anonymous mode: OFF
(I) 2024-10-13T20:54:15 - Encryption support: ON
(I) 2024-10-13T20:54:15 - Successfully listening on IP. IP: "127.0.0.1". Port: "TCP/6881"
(I) 2024-10-13T20:54:15 - Successfully listening on IP. IP: "127.0.0.1". Port: "UTP/6881"
(I) 2024-10-13T20:54:15 - Successfully listening on IP. IP: "10.10.101.6". Port: "TCP/6881"
(I) 2024-10-13T20:54:15 - Successfully listening on IP. IP: "10.10.101.6". Port: "UTP/6881"
(I) 2024-10-13T20:54:15 - Successfully listening on IP. IP: "172.26.0.4". Port: "TCP/6881"
(I) 2024-10-13T20:54:15 - Successfully listening on IP. IP: "172.26.0.4". Port: "UTP/6881"
(I) 2024-10-13T20:54:16 - IP geolocation database loaded. Type: DBIP-Country-Lite. Build time: Mon Sep 30 20:47:11 2024.
(N) 2024-10-13T20:54:16 - Using built-in WebUI.
(W) 2024-10-13T20:54:16 - Couldn't load WebUI translation for selected locale (C).
(N) 2024-10-13T20:54:16 - WebUI: Now listening on IP: *, port: 8090
(I) 2024-10-13T20:54:21 - Detected external IP. IP: "109.201.135.166"
(N) 2024-10-13T20:56:01 - WebAPI login success. IP: ::ffff:172.26.0.1
(N) 2024-10-13T20:58:32 - WebUI translation for selected locale (en) has been successfully loaded.
(N) 2024-10-13T21:06:11 - Trying to listen on the following list of IP addresses: "tun0:6881"
(I) 2024-10-13T21:07:09 - Found Python executable. Name: "python3". Version: "3.12.7"
(N) 2024-10-13T21:14:18 - Added new torrent. Torrent: "Apartment 7A (2024) (1080p AMZN WEB-DL x265 HEVC 10bit EAC3 Atmos 5.1 Ghost) [QxR]"
(W) 2024-10-13T21:14:20 - File error alert. Torrent: "Apartment 7A (2024) (1080p AMZN WEB-DL x265 HEVC 10bit EAC3 Atmos 5.1 Ghost) [QxR]". File: "/downloads/Apartment 7A (2024) (1080p AMZN WEB-DL x265 HEVC 10bit EAC3 Atmos 5.1 Ghost)/Apartment 7A (2024) (1080p AMZN WEB-DL x265 Ghost).mkv". Reason: "Apartment 7A (2024) (1080p AMZN WEB-DL x265 HEVC 10bit EAC3 Atmos 5.1 Ghost) file_stat (/downloads/Apartment 7A (2024) (1080p AMZN WEB-DL x265 HEVC 10bit EAC3 Atmos 5.1 Ghost)/Apartment 7A (2024) (1080p AMZN WEB-DL x265 Ghost).mkv) error: Permission denied"
(W) 2024-10-13T21:14:42 - File error alert. Torrent: "Apartment 7A (2024) (1080p AMZN WEB-DL x265 HEVC 10bit EAC3 Atmos 5.1 Ghost) [QxR]". File: "/downloads/Apartment 7A (2024) (1080p AMZN WEB-DL x265 HEVC 10bit EAC3 Atmos 5.1 Ghost)/Apartment 7A (2024) (1080p AMZN WEB-DL x265 Ghost).mkv". Reason: "Apartment 7A (2024) (1080p AMZN WEB-DL x265 HEVC 10bit EAC3 Atmos 5.1 Ghost) file_open (/downloads/Apartment 7A (2024) (1080p AMZN WEB-DL x265 HEVC 10bit EAC3 Atmos 5.1 Ghost)/Apartment 7A (2024) (1080p AMZN WEB-DL x265 Ghost).mkv) error: Permission denied"
(N) 2024-10-13T21:14:45 - Torrent stopped. Torrent: "Apartment 7A (2024) (1080p AMZN WEB-DL x265 HEVC 10bit EAC3 Atmos 5.1 Ghost) [QxR]"
(N) 2024-10-13T21:15:55 - Torrent resumed. Torrent: "Apartment 7A (2024) (1080p AMZN WEB-DL x265 HEVC 10bit EAC3 Atmos 5.1 Ghost) [QxR]"
(W) 2024-10-13T21:15:55 - File error alert. Torrent: "Apartment 7A (2024) (1080p AMZN WEB-DL x265 HEVC 10bit EAC3 Atmos 5.1 Ghost) [QxR]". File: "/downloads/Apartment 7A (2024) (1080p AMZN WEB-DL x265 HEVC 10bit EAC3 Atmos 5.1 Ghost)/Apartment 7A (2024) (1080p AMZN WEB-DL x265 Ghost).mkv". Reason: "Apartment 7A (2024) (1080p AMZN WEB-DL x265 HEVC 10bit EAC3 Atmos 5.1 Ghost) file_stat (/downloads/Apartment 7A (2024) (1080p AMZN WEB-DL x265 HEVC 10bit EAC3 Atmos 5.1 Ghost)/Apartment 7A (2024) (1080p AMZN WEB-DL x265 Ghost).mkv) error: Permission denied"
(W) 2024-10-13T21:17:04 - Failed to add torrent. Source: "https%3A//thepiratebay.org/description.php%3Fid%3D76738897". Reason: "No such file or directory [generic:2]"
(W) 2024-10-13T21:17:10 - Failed to add torrent. Source: "https%3A//thepiratebay.org/description.php%3Fid%3D76709517". Reason: "No such file or directory [generic:2]"
(C) 2024-10-13T21:20:42 - WebUI: HTTPS setup failed, fallback to HTTP
(N) 2024-10-13T21:23:40 - qBittorrent termination initiated
(N) 2024-10-13T21:23:43 - Saving resume data completed.
(N) 2024-10-13T21:23:46 - BitTorrent session successfully finished.
(N) 2024-10-13T21:23:47 - qBittorrent is now ready to exit
(N) 2024-10-13T21:26:21 - qBittorrent v5.0.0 started. Process ID: 143
(N) 2024-10-13T21:26:21 - Using config directory: /config/qBittorrent
(N) 2024-10-13T21:26:22 - Trying to listen on the following list of IP addresses: "tun0:6881"
(I) 2024-10-13T21:26:22 - Peer ID: "-qB5000-"
(I) 2024-10-13T21:26:22 - HTTP User-Agent: "qBittorrent/5.0.0"
(I) 2024-10-13T21:26:22 - Distributed Hash Table (DHT) support: ON
(I) 2024-10-13T21:26:22 - Local Peer Discovery support: ON
(I) 2024-10-13T21:26:22 - Peer Exchange (PeX) support: ON
(I) 2024-10-13T21:26:22 - Anonymous mode: OFF
(I) 2024-10-13T21:26:22 - Encryption support: ON
(I) 2024-10-13T21:26:22 - Successfully listening on IP. IP: "10.10.101.6". Port: "TCP/6881"
(I) 2024-10-13T21:26:22 - Successfully listening on IP. IP: "10.10.101.6". Port: "UTP/6881"
(N) 2024-10-13T21:26:23 - Restored torrent. Torrent: "Apartment 7A (2024) (1080p AMZN WEB-DL x265 HEVC 10bit EAC3 Atmos 5.1 Ghost) [QxR]"
(I) 2024-10-13T21:26:23 - IP geolocation database loaded. Type: DBIP-Country-Lite. Build time: Mon Sep 30 20:47:11 2024.
(N) 2024-10-13T21:26:23 - Using built-in WebUI.
(N) 2024-10-13T21:26:23 - WebUI translation for selected locale (en) has been successfully loaded.
(C) 2024-10-13T21:26:23 - WebUI: HTTPS setup failed, fallback to HTTP
(N) 2024-10-13T21:26:23 - WebUI: Now listening on IP: *, port: 8090
(W) 2024-10-13T21:26:23 - File error alert. Torrent: "Apartment 7A (2024) (1080p AMZN WEB-DL x265 HEVC 10bit EAC3 Atmos 5.1 Ghost) [QxR]". File: "/downloads/Apartment 7A (2024) (1080p AMZN WEB-DL x265 HEVC 10bit EAC3 Atmos 5.1 Ghost)/Apartment 7A (2024) (1080p AMZN WEB-DL x265 Ghost).mkv". Reason: "Apartment 7A (2024) (1080p AMZN WEB-DL x265 HEVC 10bit EAC3 Atmos 5.1 Ghost) file_stat (/downloads/Apartment 7A (2024) (1080p AMZN WEB-DL x265 HEVC 10bit EAC3 Atmos 5.1 Ghost)/Apartment 7A (2024) (1080p AMZN WEB-DL x265 Ghost).mkv) error: Permission denied"
(I) 2024-10-13T21:26:26 - Detected external IP. IP: "109.201.135.166"
(N) 2024-10-14T10:30:24 - WebAPI login success. IP: ::ffff:172.26.0.1
(N) 2024-10-14T10:31:12 - Torrent removed. Torrent: "Apartment 7A (2024) (1080p AMZN WEB-DL x265 HEVC 10bit EAC3 Atmos 5.1 Ghost) [QxR]"
(W) 2024-10-14T10:31:12 - Failed to remove partfile. Torrent: "Apartment 7A (2024) (1080p AMZN WEB-DL x265 HEVC 10bit EAC3 Atmos 5.1 Ghost) [QxR]". Reason: "Permission denied".
(N) 2024-10-14T10:31:12 - Torrent content removed. Torrent: "Apartment 7A (2024) (1080p AMZN WEB-DL x265 HEVC 10bit EAC3 Atmos 5.1 Ghost) [QxR]"
(I) 2024-10-14T11:39:42 - Found Python executable. Name: "python3". Version: "3.12.7"
(N) 2024-10-14T11:42:59 - Added new torrent. Torrent: "A Quiet Place Day One (2024) Eng 720p WEBRip x264 AAC HC KSub"
(W) 2024-10-14T11:43:02 - File error alert. Torrent: "A Quiet Place Day One (2024) Eng 720p WEBRip x264 AAC HC KSub". File: "/downloads/A Quiet Place Day One (2024) Eng 720p WEBRip x264 AAC HC KSub.mkv". Reason: "A Quiet Place Day One (2024) Eng 720p WEBRip x264 AAC HC KSub.mkv file_stat (/downloads/A Quiet Place Day One (2024) Eng 720p WEBRip x264 AAC HC KSub.mkv) error: Permission denied"
(N) 2024-10-14T15:01:41 - WebUI Set location: moving "A Quiet Place Day One (2024) Eng 720p WEBRip x264 AAC HC KSub", from "/downloads" to "/downloads/video"
(N) 2024-10-14T15:01:41 - Enqueued torrent move. Torrent: "A Quiet Place Day One (2024) Eng 720p WEBRip x264 AAC HC KSub". Source: "/downloads". Destination: "/downloads/video"
(N) 2024-10-14T15:01:41 - Start moving torrent. Torrent: "A Quiet Place Day One (2024) Eng 720p WEBRip x264 AAC HC KSub". Destination: "/downloads/video"
(N) 2024-10-14T15:01:41 - Moved torrent successfully. Torrent: "A Quiet Place Day One (2024) Eng 720p WEBRip x264 AAC HC KSub". Destination: "/downloads/video"
(N) 2024-10-14T15:12:05 - Watching folder: "/downloads/torrents/Stuff/watch"
(N) 2024-10-14T15:12:05 - Watching folder: "/downloads/torrents/software/watch"
(N) 2024-10-14T15:12:06 - Watching folder: "/downloads/torrents/video/watch"
(N) 2024-10-14T15:13:27 - Added new torrent. Torrent: "The Substance 2024 1080p WEBRip x265 AC3 UKB"
(W) 2024-10-14T15:13:39 - File error alert. Torrent: "The Substance 2024 1080p WEBRip x265 AC3 UKB". File: "/downloads/torrents/video/The Substance 2024 1080p WEBRip x265 AC3 UKB/The Substance [2024].mkv.!qB". Reason: "The Substance 2024 1080p WEBRip x265 AC3 UKB file_open (/downloads/torrents/video/The Substance 2024 1080p WEBRip x265 AC3 UKB/The Substance [2024].mkv.!qB) error: No such file or directory"
(N) 2024-10-14T15:16:59 - Torrent download finished. Torrent: "A Quiet Place Day One (2024) Eng 720p WEBRip x264 AAC HC KSub"
(N) 2024-10-14T15:18:55 - Watching folder: "/volume1/video/watch"
(N) 2024-10-14T15:18:55 - Watching folder: "/volume1/Stuff/watch"
(N) 2024-10-14T15:18:56 - Watching folder: "/volume1/software/watch"
(N) 2024-10-14T15:21:08 - qBittorrent termination initiated
(N) 2024-10-14T15:28:39 - qBittorrent v5.0.0 started. Process ID: 147
(N) 2024-10-14T15:28:39 - Using config directory: /config/qBittorrent
(N) 2024-10-14T15:28:40 - Trying to listen on the following list of IP addresses: "tun0:6881"
(I) 2024-10-14T15:28:41 - Peer ID: "-qB5000-"
(I) 2024-10-14T15:28:41 - HTTP User-Agent: "qBittorrent/5.0.0"
(I) 2024-10-14T15:28:41 - Distributed Hash Table (DHT) support: ON
(I) 2024-10-14T15:28:41 - Local Peer Discovery support: ON
(I) 2024-10-14T15:28:41 - Peer Exchange (PeX) support: ON
(I) 2024-10-14T15:28:41 - Anonymous mode: OFF
(I) 2024-10-14T15:28:41 - Encryption support: ON
(I) 2024-10-14T15:28:41 - Successfully listening on IP. IP: "10.10.101.6". Port: "TCP/6881"
(I) 2024-10-14T15:28:41 - Successfully listening on IP. IP: "10.10.101.6". Port: "UTP/6881"
(N) 2024-10-14T15:28:43 - Restored torrent. Torrent: "A Quiet Place Day One (2024) Eng 720p WEBRip x264 AAC HC KSub"
(N) 2024-10-14T15:28:43 - Restored torrent. Torrent: "The Substance 2024 1080p WEBRip x265 AC3 UKB"
(I) 2024-10-14T15:28:44 - IP geolocation database loaded. Type: DBIP-Country-Lite. Build time: Mon Sep 30 20:47:11 2024.
(N) 2024-10-14T15:28:45 - Using built-in WebUI.
(N) 2024-10-14T15:28:45 - WebUI translation for selected locale (en) has been successfully loaded.
(N) 2024-10-14T15:28:45 - WebUI: Now listening on IP: *, port: 8090
(I) 2024-10-14T15:28:45 - Detected external IP. IP: "109.201.135.166"
(N) 2024-10-14T15:28:45 - Watching folder: "/volume1/Stuff/watch"
(N) 2024-10-14T15:28:45 - Watching folder: "/volume1/software/watch"
(N) 2024-10-14T15:28:45 - Watching folder: "/volume1/video/watch"
(W) 2024-10-14T15:28:46 - File error alert. Torrent: "The Substance 2024 1080p WEBRip x265 AC3 UKB". File: "/downloads/torrents/video/The Substance 2024 1080p WEBRip x265 AC3 UKB/The Substance [2024].mkv.!qB". Reason: "The Substance 2024 1080p WEBRip x265 AC3 UKB file_open (/downloads/torrents/video/The Substance 2024 1080p WEBRip x265 AC3 UKB/The Substance [2024].mkv.!qB) error: No such file or directory"
(N) 2024-10-14T16:15:04 - WebAPI login success. IP: ::ffff:172.22.0.1
(N) 2024-10-14T16:51:12 - Torrent removed. Torrent: "A Quiet Place Day One (2024) Eng 720p WEBRip x264 AAC HC KSub"
(W) 2024-10-14T16:51:33 - File error alert. Torrent: "The Substance 2024 1080p WEBRip x265 AC3 UKB". File: "/downloads/torrents/video/The Substance 2024 1080p WEBRip x265 AC3 UKB/The Substance [2024].mkv.!qB". Reason: "The Substance 2024 1080p WEBRip x265 AC3 UKB file_open (/downloads/torrents/video/The Substance 2024 1080p WEBRip x265 AC3 UKB/The Substance [2024].mkv.!qB) error: No such file or directory"
(N) 2024-10-14T16:52:27 - WebUI Set location: moving "The Substance 2024 1080p WEBRip x265 AC3 UKB", from "/downloads/torrents/video" to "/video"
(N) 2024-10-14T16:52:28 - Enqueued torrent move. Torrent: "The Substance 2024 1080p WEBRip x265 AC3 UKB". Source: "/downloads/torrents/video". Destination: "/video"
(N) 2024-10-14T16:52:28 - Start moving torrent. Torrent: "The Substance 2024 1080p WEBRip x265 AC3 UKB". Destination: "/video"
(N) 2024-10-14T16:52:28 - Moved torrent successfully. Torrent: "The Substance 2024 1080p WEBRip x265 AC3 UKB". Destination: "/video"
(I) 2024-10-14T16:53:27 - Found Python executable. Name: "python3". Version: "3.12.7"
(N) 2024-10-14T17:42:56 - Torrent download finished. Torrent: "The Substance 2024 1080p WEBRip x265 AC3 UKB"
(N) 2024-10-14T17:50:55 - qBittorrent termination initiated
(N) 2024-10-14T18:05:00 - qBittorrent v5.0.0 started. Process ID: 146
(N) 2024-10-14T18:05:00 - Using config directory: /config/qBittorrent
(N) 2024-10-14T18:05:00 - Trying to listen on the following list of IP addresses: "tun0:6881"
(I) 2024-10-14T18:05:01 - Peer ID: "-qB5000-"
(I) 2024-10-14T18:05:01 - HTTP User-Agent: "qBittorrent/5.0.0"
(I) 2024-10-14T18:05:01 - Distributed Hash Table (DHT) support: ON
(I) 2024-10-14T18:05:01 - Local Peer Discovery support: ON
(I) 2024-10-14T18:05:01 - Peer Exchange (PeX) support: ON
(I) 2024-10-14T18:05:01 - Anonymous mode: OFF
(I) 2024-10-14T18:05:01 - Encryption support: ON
(I) 2024-10-14T18:05:01 - Successfully listening on IP. IP: "10.10.101.6". Port: "TCP/6881"
(I) 2024-10-14T18:05:01 - Successfully listening on IP. IP: "10.10.101.6". Port: "UTP/6881"
(N) 2024-10-14T18:05:03 - Restored torrent. Torrent: "The Substance 2024 1080p WEBRip x265 AC3 UKB"
(I) 2024-10-14T18:05:03 - IP geolocation database loaded. Type: DBIP-Country-Lite. Build time: Mon Sep 30 20:47:11 2024.
(N) 2024-10-14T18:05:03 - Using built-in WebUI.
(N) 2024-10-14T18:05:03 - WebUI translation for selected locale (en) has been successfully loaded.
(N) 2024-10-14T18:05:03 - WebUI: Now listening on IP: *, port: 8090
(N) 2024-10-14T18:05:03 - Watching folder: "/volume1/Stuff/watch"
(N) 2024-10-14T18:05:03 - Watching folder: "/volume1/software/watch"
(N) 2024-10-14T18:05:03 - Watching folder: "/volume1/video/watch"
(I) 2024-10-14T18:05:05 - Detected external IP. IP: "109.201.135.166"
(W) 2024-10-14T18:11:12 - WebAPI login failure. Reason: invalid credentials, attempt count: 1, IP: ::ffff:172.26.0.1, username: delorenj
(N) 2024-10-14T18:11:20 - WebAPI login success. IP: ::ffff:172.26.0.1
(N) 2024-10-14T18:11:42 - Torrent removed. Torrent: "The Substance 2024 1080p WEBRip x265 AC3 UKB"
(N) 2024-10-14T18:14:15 - qBittorrent termination initiated
(N) 2024-10-14T18:14:18 - Saving resume data completed.
(N) 2024-10-14T20:25:43 - qBittorrent v5.0.0 started. Process ID: 147
(N) 2024-10-14T20:25:43 - Using config directory: /config/qBittorrent
(N) 2024-10-14T20:25:45 - Trying to listen on the following list of IP addresses: "tun0:6881"
(I) 2024-10-14T20:25:45 - Peer ID: "-qB5000-"
(I) 2024-10-14T20:25:45 - HTTP User-Agent: "qBittorrent/5.0.0"
(I) 2024-10-14T20:25:45 - Distributed Hash Table (DHT) support: ON
(I) 2024-10-14T20:25:45 - Local Peer Discovery support: ON
(I) 2024-10-14T20:25:45 - Peer Exchange (PeX) support: ON
(I) 2024-10-14T20:25:45 - Anonymous mode: OFF
(I) 2024-10-14T20:25:45 - Encryption support: ON
(I) 2024-10-14T20:25:46 - IP geolocation database loaded. Type: DBIP-Country-Lite. Build time: Mon Sep 30 20:47:11 2024.
(N) 2024-10-14T20:25:46 - Using built-in WebUI.
(N) 2024-10-14T20:25:46 - WebUI translation for selected locale (en) has been successfully loaded.
(N) 2024-10-14T20:25:46 - WebUI: Now listening on IP: *, port: 8090
(I) 2024-10-14T20:25:46 - Successfully listening on IP. IP: "10.10.101.6". Port: "TCP/6881"
(I) 2024-10-14T20:25:46 - Successfully listening on IP. IP: "10.10.101.6". Port: "UTP/6881"
(N) 2024-10-14T20:25:46 - Watching folder: "/volume1/Stuff/watch"
(N) 2024-10-14T20:25:46 - Watching folder: "/volume1/software/watch"
(N) 2024-10-14T20:25:46 - Watching folder: "/volume1/video/watch"
(I) 2024-10-14T20:25:50 - Detected external IP. IP: "109.201.135.166"
(N) 2024-10-14T20:55:53 - qBittorrent termination initiated
(N) 2024-10-14T20:55:56 - Saving resume data completed.
(N) 2024-10-18T21:59:56 - qBittorrent v5.0.0 started. Process ID: 147
(N) 2024-10-18T21:59:56 - Using config directory: /config/qBittorrent
(N) 2024-10-18T21:59:57 - Trying to listen on the following list of IP addresses: "tun0:6881"
(I) 2024-10-18T21:59:57 - Peer ID: "-qB5000-"
(I) 2024-10-18T21:59:57 - HTTP User-Agent: "qBittorrent/5.0.0"
(I) 2024-10-18T21:59:57 - Distributed Hash Table (DHT) support: ON
(I) 2024-10-18T21:59:57 - Local Peer Discovery support: ON
(I) 2024-10-18T21:59:57 - Peer Exchange (PeX) support: ON
(I) 2024-10-18T21:59:57 - Anonymous mode: OFF
(I) 2024-10-18T21:59:57 - Encryption support: ON
(I) 2024-10-18T21:59:57 - IP geolocation database loaded. Type: DBIP-Country-Lite. Build time: Mon Sep 30 20:47:11 2024.
(N) 2024-10-18T21:59:57 - Using built-in WebUI.
(N) 2024-10-18T21:59:57 - WebUI translation for selected locale (en) has been successfully loaded.
(N) 2024-10-18T21:59:57 - WebUI: Now listening on IP: *, port: 8090
(I) 2024-10-18T21:59:57 - Successfully listening on IP. IP: "10.10.101.6". Port: "TCP/6881"
(I) 2024-10-18T21:59:57 - Successfully listening on IP. IP: "10.10.101.6". Port: "UTP/6881"
(N) 2024-10-18T21:59:57 - Watching folder: "/volume1/Stuff/watch"
(N) 2024-10-18T21:59:57 - Watching folder: "/volume1/software/watch"
(N) 2024-10-18T21:59:57 - Watching folder: "/volume1/video/watch"
(I) 2024-10-18T22:00:01 - Detected external IP. IP: "109.201.135.166"
(W) 2024-10-18T22:00:56 - WebAPI login failure. Reason: invalid credentials, attempt count: 1, IP: ::ffff:172.22.0.1, username: delorenj
(N) 2024-10-18T22:01:10 - WebAPI login success. IP: ::ffff:172.22.0.1
(I) 2024-10-18T22:01:22 - Found Python executable. Name: "python3". Version: "3.12.7"
(N) 2024-10-18T22:03:54 - Added new torrent. Torrent: "Beetlejuice.Beetlejuice.2024.1080p.WEBRip.1400MB.DD5.1.x264-GalaxyRG"
(N) 2024-10-18T22:04:52 - Added new torrent. Torrent: "Slingshot.2024.1080p.WEBRip.1400MB.DD5.1.x264-GalaxyRG"
(N) 2024-10-18T22:05:03 - Added new torrent. Torrent: "Never.Let.Go.2024.1080p.WEBRip.x265.10bit.AAC5.1 [YTS]"
(N) 2024-10-18T22:05:26 - Added new torrent. Torrent: "Beetlejuice.Beetlejuice.2024.1080p.HD-TS-C1NEM4"
(N) 2024-10-18T22:05:54 - Added new torrent. Torrent: "Borderlands.2024.1080p.WEBRip.AAC5.1 [YTS]"
(N) 2024-10-18T22:06:36 - Added new torrent. Torrent: "Twisters.2024.1080p.WEB-DL.H264.Dual.YG⭐"
(N) 2024-10-18T22:07:40 - Added new torrent. Torrent: "Blink.Twice.2024.1080p.WEB-DL.H.264.Dual.YG⭐"
(N) 2024-10-18T22:08:04 - Added new torrent. Torrent: "Orion.and.the.Dark.2024.1080p.WEBRip.x265.10bit.AAC5.1 [YTS.MX]"
(N) 2024-10-18T22:08:28 - Added new torrent. Torrent: "Kung.Fu.Panda.4.2024.1080p.WEB-DL.h264.Dual.YG⭐"
(N) 2024-10-18T22:08:38 - Added new torrent. Torrent: "Godzilla.X.Kong.The.New.Empire.2024.1080p.Proper.5.1.H264.Dual.YG⭐"
(N) 2024-10-18T22:08:55 - Added new torrent. Torrent: "Nyctophobia.2024.1080p.WEB-DL.DDP5.1.H264-AOC"
(N) 2024-10-18T22:09:06 - Added new torrent. Torrent: "H.P.Lovecrafts.The.Old.Ones.2024.1080p.AMZN.WEBRip.1400MB.DD5.1.x264-GalaxyRG"
(N) 2024-10-18T22:52:53 - Torrent download finished. Torrent: "Beetlejuice.Beetlejuice.2024.1080p.WEBRip.1400MB.DD5.1.x264-GalaxyRG"
(N) 2024-10-18T23:08:44 - Torrent download finished. Torrent: "Slingshot.2024.1080p.WEBRip.1400MB.DD5.1.x264-GalaxyRG"
(N) 2024-10-18T23:23:56 - Torrent download finished. Torrent: "Never.Let.Go.2024.1080p.WEBRip.x265.10bit.AAC5.1 [YTS]"
(N) 2024-10-18T23:43:41 - Torrent download finished. Torrent: "Borderlands.2024.1080p.WEBRip.AAC5.1 [YTS]"
(N) 2024-10-19T00:46:01 - Torrent download finished. Torrent: "Beetlejuice.Beetlejuice.2024.1080p.HD-TS-C1NEM4"
(N) 2024-10-19T00:53:21 - Torrent download finished. Torrent: "Blink.Twice.2024.1080p.WEB-DL.H.264.Dual.YG⭐"
(N) 2024-10-19T01:14:20 - Torrent download finished. Torrent: "Orion.and.the.Dark.2024.1080p.WEBRip.x265.10bit.AAC5.1 [YTS.MX]"
(N) 2024-10-19T03:09:03 - Torrent download finished. Torrent: "Godzilla.X.Kong.The.New.Empire.2024.1080p.Proper.5.1.H264.Dual.YG⭐"
(N) 2024-10-19T04:17:20 - Torrent download finished. Torrent: "Nyctophobia.2024.1080p.WEB-DL.DDP5.1.H264-AOC"
(N) 2024-10-19T04:47:53 - Torrent download finished. Torrent: "H.P.Lovecrafts.The.Old.Ones.2024.1080p.AMZN.WEBRip.1400MB.DD5.1.x264-GalaxyRG"
(N) 2024-10-19T05:29:54 - Torrent download finished. Torrent: "Kung.Fu.Panda.4.2024.1080p.WEB-DL.h264.Dual.YG⭐"
(N) 2024-10-19T06:32:05 - Torrent download finished. Torrent: "Twisters.2024.1080p.WEB-DL.H264.Dual.YG⭐"
(N) 2024-10-19T11:14:06 - WebAPI login success. IP: ::ffff:172.22.0.1
(N) 2024-10-19T11:28:07 - Torrent removed. Torrent: "Godzilla.X.Kong.The.New.Empire.2024.1080p.Proper.5.1.H264.Dual.YG⭐"
(W) 2024-10-19T12:02:35 - Failed to add torrent. Source: "https%3A//www.torrentdownload.info/10C9C7E2640BAED7646EC18776706EC0B49C3DE4/Edward-Scissorhands-%2B1990%2B-%2B1080p%2B". Reason: "No such file or directory [generic:2]"
(I) 2024-10-19T14:59:06 - Successfully listening on IP. IP: "10.10.101.10". Port: "TCP/6881"
(I) 2024-10-19T14:59:06 - Successfully listening on IP. IP: "10.10.101.10". Port: "UTP/6881"
(I) 2024-10-19T15:00:38 - Detected external IP. IP: "109.201.135.166"
(N) 2024-10-19T17:19:01 - qBittorrent termination initiated
(N) 2024-10-19T17:19:04 - Saving resume data completed.
(N) 2024-10-19T17:19:05 - BitTorrent session successfully finished.
(N) 2024-10-19T17:19:06 - qBittorrent is now ready to exit
(N) 2024-10-20T17:35:27 - qBittorrent v5.0.0 started. Process ID: 145
(N) 2024-10-20T17:35:27 - Using config directory: /config/qBittorrent
(N) 2024-10-20T17:35:28 - Trying to listen on the following list of IP addresses: "tun0:6881"
(I) 2024-10-20T17:35:28 - Peer ID: "-qB5000-"
(I) 2024-10-20T17:35:28 - HTTP User-Agent: "qBittorrent/5.0.0"
(I) 2024-10-20T17:35:28 - Distributed Hash Table (DHT) support: ON
(I) 2024-10-20T17:35:28 - Local Peer Discovery support: ON
(I) 2024-10-20T17:35:28 - Peer Exchange (PeX) support: ON
(I) 2024-10-20T17:35:28 - Anonymous mode: OFF
(I) 2024-10-20T17:35:28 - Encryption support: ON
(I) 2024-10-20T17:35:28 - Successfully listening on IP. IP: "10.10.101.6". Port: "TCP/6881"
(I) 2024-10-20T17:35:28 - Successfully listening on IP. IP: "10.10.101.6". Port: "UTP/6881"
(N) 2024-10-20T17:35:28 - Restored torrent. Torrent: "Beetlejuice.Beetlejuice.2024.1080p.WEBRip.1400MB.DD5.1.x264-GalaxyRG"
(N) 2024-10-20T17:35:28 - Restored torrent. Torrent: "Slingshot.2024.1080p.WEBRip.1400MB.DD5.1.x264-GalaxyRG"
(N) 2024-10-20T17:35:28 - Restored torrent. Torrent: "Never.Let.Go.2024.1080p.WEBRip.x265.10bit.AAC5.1 [YTS]"
(N) 2024-10-20T17:35:28 - Restored torrent. Torrent: "Beetlejuice.Beetlejuice.2024.1080p.HD-TS-C1NEM4"
(N) 2024-10-20T17:35:29 - Restored torrent. Torrent: "Borderlands.2024.1080p.WEBRip.AAC5.1 [YTS]"
(N) 2024-10-20T17:35:30 - Restored torrent. Torrent: "Twisters.2024.1080p.WEB-DL.H264.Dual.YG⭐"
(N) 2024-10-20T17:35:30 - Restored torrent. Torrent: "Blink.Twice.2024.1080p.WEB-DL.H.264.Dual.YG⭐"
(I) 2024-10-20T17:35:30 - Detected external IP. IP: "109.201.135.166"
(N) 2024-10-20T17:35:30 - Restored torrent. Torrent: "Orion.and.the.Dark.2024.1080p.WEBRip.x265.10bit.AAC5.1 [YTS.MX]"
(N) 2024-10-20T17:35:31 - Restored torrent. Torrent: "Kung.Fu.Panda.4.2024.1080p.WEB-DL.h264.Dual.YG⭐"
(N) 2024-10-20T17:35:32 - Restored torrent. Torrent: "Nyctophobia.2024.1080p.WEB-DL.DDP5.1.H264-AOC"
(N) 2024-10-20T17:35:32 - Restored torrent. Torrent: "H.P.Lovecrafts.The.Old.Ones.2024.1080p.AMZN.WEBRip.1400MB.DD5.1.x264-GalaxyRG"
(I) 2024-10-20T17:35:33 - IP geolocation database loaded. Type: DBIP-Country-Lite. Build time: Mon Sep 30 20:47:11 2024.
(N) 2024-10-20T17:35:33 - Using built-in WebUI.
(N) 2024-10-20T17:35:33 - WebUI translation for selected locale (en) has been successfully loaded.
(N) 2024-10-20T17:35:33 - WebUI: Now listening on IP: *, port: 8090
(N) 2024-10-20T17:35:34 - Watching folder: "/volume1/Stuff/watch"
(N) 2024-10-20T17:35:34 - Watching folder: "/volume1/software/watch"
(N) 2024-10-20T17:35:34 - Watching folder: "/volume1/video/watch"
(N) 2024-10-20T17:36:53 - qBittorrent termination initiated
(N) 2024-10-20T17:37:04 - Saving resume data completed.
(N) 2024-10-20T17:58:32 - qBittorrent v5.0.0 started. Process ID: 145
(N) 2024-10-20T17:58:32 - Using config directory: /config/qBittorrent
(N) 2024-10-20T17:58:33 - Trying to listen on the following list of IP addresses: "tun0:6881"
(I) 2024-10-20T17:58:33 - Peer ID: "-qB5000-"
(I) 2024-10-20T17:58:33 - HTTP User-Agent: "qBittorrent/5.0.0"
(I) 2024-10-20T17:58:33 - Distributed Hash Table (DHT) support: ON
(I) 2024-10-20T17:58:33 - Local Peer Discovery support: ON
(I) 2024-10-20T17:58:33 - Peer Exchange (PeX) support: ON
(I) 2024-10-20T17:58:33 - Anonymous mode: OFF
(I) 2024-10-20T17:58:33 - Encryption support: ON
(I) 2024-10-20T17:58:33 - Successfully listening on IP. IP: "10.10.101.6". Port: "TCP/6881"
(I) 2024-10-20T17:58:33 - Successfully listening on IP. IP: "10.10.101.6". Port: "UTP/6881"
(N) 2024-10-20T17:58:33 - Restored torrent. Torrent: "Beetlejuice.Beetlejuice.2024.1080p.WEBRip.1400MB.DD5.1.x264-GalaxyRG"
(N) 2024-10-20T17:58:34 - Restored torrent. Torrent: "Slingshot.2024.1080p.WEBRip.1400MB.DD5.1.x264-GalaxyRG"
(N) 2024-10-20T17:58:34 - Restored torrent. Torrent: "Never.Let.Go.2024.1080p.WEBRip.x265.10bit.AAC5.1 [YTS]"
(N) 2024-10-20T17:58:34 - Restored torrent. Torrent: "Beetlejuice.Beetlejuice.2024.1080p.HD-TS-C1NEM4"
(N) 2024-10-20T17:58:34 - Restored torrent. Torrent: "Borderlands.2024.1080p.WEBRip.AAC5.1 [YTS]"
(N) 2024-10-20T17:58:34 - Restored torrent. Torrent: "Twisters.2024.1080p.WEB-DL.H264.Dual.YG⭐"
(N) 2024-10-20T17:58:34 - Restored torrent. Torrent: "Blink.Twice.2024.1080p.WEB-DL.H.264.Dual.YG⭐"
(N) 2024-10-20T17:58:35 - Restored torrent. Torrent: "Orion.and.the.Dark.2024.1080p.WEBRip.x265.10bit.AAC5.1 [YTS.MX]"
(N) 2024-10-20T17:58:35 - Restored torrent. Torrent: "Kung.Fu.Panda.4.2024.1080p.WEB-DL.h264.Dual.YG⭐"
(N) 2024-10-20T17:58:35 - Restored torrent. Torrent: "Nyctophobia.2024.1080p.WEB-DL.DDP5.1.H264-AOC"
(N) 2024-10-20T17:58:35 - Restored torrent. Torrent: "H.P.Lovecrafts.The.Old.Ones.2024.1080p.AMZN.WEBRip.1400MB.DD5.1.x264-GalaxyRG"
(I) 2024-10-20T17:58:35 - IP geolocation database loaded. Type: DBIP-Country-Lite. Build time: Mon Sep 30 20:47:11 2024.
(N) 2024-10-20T17:58:35 - Using built-in WebUI.
(N) 2024-10-20T17:58:35 - WebUI translation for selected locale (en) has been successfully loaded.
(N) 2024-10-20T17:58:35 - WebUI: Now listening on IP: *, port: 8090
(N) 2024-10-20T17:58:35 - Watching folder: "/volume1/Stuff/watch"
(N) 2024-10-20T17:58:35 - Watching folder: "/volume1/software/watch"
(N) 2024-10-20T17:58:35 - Watching folder: "/volume1/video/watch"
(W) 2024-10-20T17:59:07 - Couldn't download IP geolocation database file. Reason: The operation was canceled
(I) 2024-10-20T17:59:12 - Detected external IP. IP: "109.201.135.166"
(N) 2024-10-20T17:59:53 - WebAPI login success. IP: ::ffff:172.22.0.1
(N) 2024-10-20T18:01:48 - Torrent removed. Torrent: "Beetlejuice.Beetlejuice.2024.1080p.HD-TS-C1NEM4"
(I) 2024-10-26T19:06:07 - Successfully listening on IP. IP: "10.10.101.10". Port: "TCP/6881"
(I) 2024-10-26T19:06:08 - Successfully listening on IP. IP: "10.10.101.10". Port: "UTP/6881"
(I) 2024-10-26T19:06:08 - Detected external IP. IP: "109.201.135.166"
(N) 2024-10-26T19:14:52 - qBittorrent termination initiated
(N) 2024-11-01T19:02:36 - qBittorrent v5.0.0 started. Process ID: 143
(N) 2024-11-01T19:02:36 - Using config directory: /config/qBittorrent
(N) 2024-11-01T19:02:36 - Trying to listen on the following list of IP addresses: "tun0:6881"
(I) 2024-11-01T19:02:36 - Peer ID: "-qB5000-"
(I) 2024-11-01T19:02:36 - HTTP User-Agent: "qBittorrent/5.0.0"
(I) 2024-11-01T19:02:36 - Distributed Hash Table (DHT) support: ON
(I) 2024-11-01T19:02:36 - Local Peer Discovery support: ON
(I) 2024-11-01T19:02:36 - Peer Exchange (PeX) support: ON
(I) 2024-11-01T19:02:36 - Anonymous mode: OFF
(I) 2024-11-01T19:02:36 - Encryption support: ON
(I) 2024-11-01T19:02:36 - Successfully listening on IP. IP: "10.10.101.6". Port: "TCP/6881"
(I) 2024-11-01T19:02:36 - Successfully listening on IP. IP: "10.10.101.6". Port: "UTP/6881"
(N) 2024-11-01T19:02:36 - Restored torrent. Torrent: "Beetlejuice.Beetlejuice.2024.1080p.WEBRip.1400MB.DD5.1.x264-GalaxyRG"
(N) 2024-11-01T19:02:36 - Restored torrent. Torrent: "Slingshot.2024.1080p.WEBRip.1400MB.DD5.1.x264-GalaxyRG"
(N) 2024-11-01T19:02:36 - Restored torrent. Torrent: "Never.Let.Go.2024.1080p.WEBRip.x265.10bit.AAC5.1 [YTS]"
(N) 2024-11-01T19:02:36 - Restored torrent. Torrent: "Borderlands.2024.1080p.WEBRip.AAC5.1 [YTS]"
(N) 2024-11-01T19:02:36 - Restored torrent. Torrent: "Twisters.2024.1080p.WEB-DL.H264.Dual.YG⭐"
(N) 2024-11-01T19:02:36 - Restored torrent. Torrent: "Blink.Twice.2024.1080p.WEB-DL.H.264.Dual.YG⭐"
(N) 2024-11-01T19:02:36 - Restored torrent. Torrent: "Orion.and.the.Dark.2024.1080p.WEBRip.x265.10bit.AAC5.1 [YTS.MX]"
(N) 2024-11-01T19:02:36 - Restored torrent. Torrent: "Kung.Fu.Panda.4.2024.1080p.WEB-DL.h264.Dual.YG⭐"
(N) 2024-11-01T19:02:37 - Restored torrent. Torrent: "Nyctophobia.2024.1080p.WEB-DL.DDP5.1.H264-AOC"
(N) 2024-11-01T19:02:37 - Restored torrent. Torrent: "H.P.Lovecrafts.The.Old.Ones.2024.1080p.AMZN.WEBRip.1400MB.DD5.1.x264-GalaxyRG"
(I) 2024-11-01T19:02:37 - IP geolocation database loaded. Type: DBIP-Country-Lite. Build time: Mon Sep 30 20:47:11 2024.
(N) 2024-11-01T19:02:37 - Using built-in WebUI.
(N) 2024-11-01T19:02:37 - WebUI translation for selected locale (en) has been successfully loaded.
(N) 2024-11-01T19:02:37 - WebUI: Now listening on IP: *, port: 8090
(N) 2024-11-01T19:02:37 - Watching folder: "/volume1/Stuff/watch"
(N) 2024-11-01T19:02:37 - Watching folder: "/volume1/software/watch"
(N) 2024-11-01T19:02:37 - Watching folder: "/volume1/video/watch"
(I) 2024-11-01T19:02:37 - Detected external IP. IP: "109.201.135.166"
(N) 2024-11-03T21:19:05 - qBittorrent termination initiated
(N) 2024-11-03T21:19:08 - Saving resume data completed.
(N) 2024-11-03T21:19:10 - BitTorrent session successfully finished.
(N) 2024-11-03T21:19:11 - qBittorrent is now ready to exit
(N) 2024-11-05T08:49:39 - qBittorrent v5.0.0 started. Process ID: 144
(N) 2024-11-05T08:49:39 - Using config directory: /config/qBittorrent
(N) 2024-11-05T08:49:40 - Trying to listen on the following list of IP addresses: "tun0:6881"
(I) 2024-11-05T08:49:41 - Peer ID: "-qB5000-"
(I) 2024-11-05T08:49:41 - HTTP User-Agent: "qBittorrent/5.0.0"
(I) 2024-11-05T08:49:41 - Distributed Hash Table (DHT) support: ON
(I) 2024-11-05T08:49:41 - Local Peer Discovery support: ON
(I) 2024-11-05T08:49:41 - Peer Exchange (PeX) support: ON
(I) 2024-11-05T08:49:41 - Anonymous mode: OFF
(I) 2024-11-05T08:49:41 - Encryption support: ON
(I) 2024-11-05T08:49:41 - Successfully listening on IP. IP: "10.10.101.6". Port: "TCP/6881"
(I) 2024-11-05T08:49:41 - Successfully listening on IP. IP: "10.10.101.6". Port: "UTP/6881"
(N) 2024-11-05T08:49:41 - Restored torrent. Torrent: "Beetlejuice.Beetlejuice.2024.1080p.WEBRip.1400MB.DD5.1.x264-GalaxyRG"
(I) 2024-11-05T08:49:42 - Detected external IP. IP: "109.201.135.166"
(N) 2024-11-05T08:49:43 - Restored torrent. Torrent: "Slingshot.2024.1080p.WEBRip.1400MB.DD5.1.x264-GalaxyRG"
(N) 2024-11-05T08:49:43 - Restored torrent. Torrent: "Never.Let.Go.2024.1080p.WEBRip.x265.10bit.AAC5.1 [YTS]"
(N) 2024-11-05T08:49:44 - Restored torrent. Torrent: "Borderlands.2024.1080p.WEBRip.AAC5.1 [YTS]"
(N) 2024-11-05T08:49:44 - Restored torrent. Torrent: "Twisters.2024.1080p.WEB-DL.H264.Dual.YG⭐"
(N) 2024-11-05T08:49:44 - Restored torrent. Torrent: "Blink.Twice.2024.1080p.WEB-DL.H.264.Dual.YG⭐"
(N) 2024-11-05T08:49:45 - Restored torrent. Torrent: "Orion.and.the.Dark.2024.1080p.WEBRip.x265.10bit.AAC5.1 [YTS.MX]"
(N) 2024-11-05T08:49:45 - Restored torrent. Torrent: "Kung.Fu.Panda.4.2024.1080p.WEB-DL.h264.Dual.YG⭐"
(N) 2024-11-05T08:49:45 - Restored torrent. Torrent: "Nyctophobia.2024.1080p.WEB-DL.DDP5.1.H264-AOC"
(N) 2024-11-05T08:49:46 - Restored torrent. Torrent: "H.P.Lovecrafts.The.Old.Ones.2024.1080p.AMZN.WEBRip.1400MB.DD5.1.x264-GalaxyRG"
(I) 2024-11-05T08:49:46 - IP geolocation database loaded. Type: DBIP-Country-Lite. Build time: Mon Sep 30 20:47:11 2024.
(N) 2024-11-05T08:49:46 - Using built-in WebUI.
(N) 2024-11-05T08:49:47 - WebUI translation for selected locale (en) has been successfully loaded.
(N) 2024-11-05T08:49:47 - WebUI: Now listening on IP: *, port: 8090
(N) 2024-11-05T08:49:47 - Watching folder: "/volume1/Stuff/watch"
(N) 2024-11-05T08:49:47 - Watching folder: "/volume1/software/watch"
(N) 2024-11-05T08:49:47 - Watching folder: "/volume1/video/watch"
(I) 2024-11-05T08:49:53 - IP geolocation database loaded. Type: DBIP-Country-Lite. Build time: Thu Oct 31 22:25:09 2024.
(I) 2024-11-05T08:49:54 - Successfully updated IP geolocation database.
(N) 2024-11-05T08:57:43 - qBittorrent termination initiated
(N) 2024-12-11T17:54:26 - qBittorrent v5.0.2 started. Process ID: 145
(N) 2024-12-11T17:54:26 - Using config directory: /config/qBittorrent
(C) 2024-12-11T17:54:26 - The configured network interface is invalid. Interface: "tun0"
(N) 2024-12-11T17:54:26 - Trying to listen on the following list of IP addresses: "tun0:6881"
(I) 2024-12-11T17:54:26 - Peer ID: "-qB5020-"
(I) 2024-12-11T17:54:26 - HTTP User-Agent: "qBittorrent/5.0.2"
(I) 2024-12-11T17:54:26 - Distributed Hash Table (DHT) support: ON
(I) 2024-12-11T17:54:26 - Local Peer Discovery support: ON
(I) 2024-12-11T17:54:26 - Peer Exchange (PeX) support: ON
(I) 2024-12-11T17:54:26 - Anonymous mode: OFF
(I) 2024-12-11T17:54:26 - Encryption support: ON
(N) 2024-12-11T17:54:26 - Restored torrent. Torrent: "Beetlejuice.Beetlejuice.2024.1080p.WEBRip.1400MB.DD5.1.x264-GalaxyRG"
(N) 2024-12-11T17:54:26 - Restored torrent. Torrent: "Slingshot.2024.1080p.WEBRip.1400MB.DD5.1.x264-GalaxyRG"
(W) 2024-12-11T17:54:26 - Failed to restore torrent. Files were probably moved or storage isn't accessible. Torrent: "Beetlejuice.Beetlejuice.2024.1080p.WEBRip.1400MB.DD5.1.x264-GalaxyRG". Reason: "Beetlejuice.Beetlejuice.2024.1080p.WEBRip.1400MB.DD5.1.x264-GalaxyRG[TGx] fast resume rejected. file_stat(/video/Beetlejuice.Beetlejuice.2024.1080p.WEBRip.1400MB.DD5.1.x264-GalaxyRG[TGx]/Beetlejuice.Beetlejuice.2024.1080p.WEBRip.1400MB.DD5.1.x264-GalaxyRG.mkv): mismatching file size"
(W) 2024-12-11T17:54:26 - Failed to restore torrent. Files were probably moved or storage isn't accessible. Torrent: "Slingshot.2024.1080p.WEBRip.1400MB.DD5.1.x264-GalaxyRG". Reason: "Slingshot.2024.1080p.WEBRip.1400MB.DD5.1.x264-GalaxyRG[TGx] fast resume rejected. file_stat(/video/Slingshot.2024.1080p.WEBRip.1400MB.DD5.1.x264-GalaxyRG[TGx]/NEW upcoming releases by Xclusive.txt): mismatching file size"
(N) 2024-12-11T17:54:26 - Restored torrent. Torrent: "Never.Let.Go.2024.1080p.WEBRip.x265.10bit.AAC5.1 [YTS]"
(W) 2024-12-11T17:54:26 - Failed to restore torrent. Files were probably moved or storage isn't accessible. Torrent: "Never.Let.Go.2024.1080p.WEBRip.x265.10bit.AAC5.1 [YTS]". Reason: "Never Let Go (2024) [1080p] [WEBRip] [x265] [10bit] [5.1] [YTS.MX] fast resume rejected. file_stat(/video/Never Let Go (2024) [1080p] [WEBRip] [x265] [10bit] [5.1] [YTS.MX]/Never.Let.Go.2024.1080p.WEBRip.x265.10bit.AAC5.1-[YTS.MX].mp4): mismatching file size"
(N) 2024-12-11T17:54:26 - Restored torrent. Torrent: "Borderlands.2024.1080p.WEBRip.AAC5.1 [YTS]"
(W) 2024-12-11T17:54:26 - Failed to restore torrent. Files were probably moved or storage isn't accessible. Torrent: "Borderlands.2024.1080p.WEBRip.AAC5.1 [YTS]". Reason: "Borderlands (2024) [1080p] [WEBRip] [5.1] [YTS.MX] fast resume rejected. file_stat(/video/Borderlands (2024) [1080p] [WEBRip] [5.1] [YTS.MX]/Borderlands.2024.1080p.WEBRip.x264.AAC5.1-[YTS.MX].mp4): mismatching file size"
(N) 2024-12-11T17:54:27 - Restored torrent. Torrent: "Twisters.2024.1080p.WEB-DL.H264.Dual.YG⭐"
(W) 2024-12-11T17:54:27 - Failed to restore torrent. Files were probably moved or storage isn't accessible. Torrent: "Twisters.2024.1080p.WEB-DL.H264.Dual.YG⭐". Reason: "Twisters.2024.1080p.WEB-DL.H264.Dual.YG fast resume rejected. file_stat(/video/Twisters.2024.1080p.WEB-DL.H264.Dual.YG/Torrent Downloaded From/Free Premium Accounts at OfficialMrB.com.txt): mismatching file size"
(N) 2024-12-11T17:54:27 - Restored torrent. Torrent: "Blink.Twice.2024.1080p.WEB-DL.H.264.Dual.YG⭐"
(W) 2024-12-11T17:54:27 - Failed to restore torrent. Files were probably moved or storage isn't accessible. Torrent: "Blink.Twice.2024.1080p.WEB-DL.H.264.Dual.YG⭐". Reason: "Blink Twice 2024.1080p.WEB-DL.H.264.Dual.YG fast resume rejected. file_stat(/video/Blink Twice 2024.1080p.WEB-DL.H.264.Dual.YG/Torrent Downloaded From/Torrent Downloaded From GattyYG.txt): mismatching file size"
(N) 2024-12-11T17:54:27 - Restored torrent. Torrent: "Orion.and.the.Dark.2024.1080p.WEBRip.x265.10bit.AAC5.1 [YTS.MX]"
(W) 2024-12-11T17:54:27 - Failed to restore torrent. Files were probably moved or storage isn't accessible. Torrent: "Orion.and.the.Dark.2024.1080p.WEBRip.x265.10bit.AAC5.1 [YTS.MX]". Reason: "Orion And The Dark (2024) [1080p] [WEBRip] [x265] [10bit] [5.1] [YTS.MX] fast resume rejected. file_stat(/video/Orion And The Dark (2024) [1080p] [WEBRip] [x265] [10bit] [5.1] [YTS.MX]/Orion.And.The.Dark.2024.1080p.WEBRip.x265.10bit.AAC5.1-[YTS.MX].mp4): mismatching file size"
(N) 2024-12-11T17:54:27 - Restored torrent. Torrent: "Kung.Fu.Panda.4.2024.1080p.WEB-DL.h264.Dual.YG⭐"
(W) 2024-12-11T17:54:27 - Failed to restore torrent. Files were probably moved or storage isn't accessible. Torrent: "Kung.Fu.Panda.4.2024.1080p.WEB-DL.h264.Dual.YG⭐". Reason: "Kung.Fu.Panda.4.2024.1080p.WEB-DL.h264.Dual.YG fast resume rejected. file_stat(/video/Kung.Fu.Panda.4.2024.1080p.WEB-DL.h264.Dual.YG/Torrent Downloaded From/Free Premium Accounts at OfficialMrB.com.txt): mismatching file size"
(N) 2024-12-11T17:54:27 - Restored torrent. Torrent: "Nyctophobia.2024.1080p.WEB-DL.DDP5.1.H264-AOC"
(W) 2024-12-11T17:54:27 - Failed to restore torrent. Files were probably moved or storage isn't accessible. Torrent: "Nyctophobia.2024.1080p.WEB-DL.DDP5.1.H264-AOC". Reason: "Nyctophobia.2024.1080p.WEB-DL.DDP5.1.H264-AOC fast resume rejected. file_stat(/video/Nyctophobia.2024.1080p.WEB-DL.DDP5.1.H264-AOC/AOC.nfo): mismatching file size"
(N) 2024-12-11T17:54:27 - Restored torrent. Torrent: "H.P.Lovecrafts.The.Old.Ones.2024.1080p.AMZN.WEBRip.1400MB.DD5.1.x264-GalaxyRG"
(W) 2024-12-11T17:54:27 - Failed to restore torrent. Files were probably moved or storage isn't accessible. Torrent: "H.P.Lovecrafts.The.Old.Ones.2024.1080p.AMZN.WEBRip.1400MB.DD5.1.x264-GalaxyRG". Reason: "H.P.Lovecrafts.The.Old.Ones.2024.1080p.AMZN.WEBRip.1400MB.DD5.1.x264-GalaxyRG[TGx] fast resume rejected. file_stat(/video/H.P.Lovecrafts.The.Old.Ones.2024.1080p.AMZN.WEBRip.1400MB.DD5.1.x264-GalaxyRG[TGx]/H.P.Lovecrafts.The.Old.Ones.2024.1080p.AMZN.WEBRip.1400MB.DD5.1.x264-GalaxyRG.mkv): mismatching file size"
(I) 2024-12-11T17:54:27 - IP geolocation database loaded. Type: DBIP-Country-Lite. Build time: Thu Oct 31 22:25:09 2024.
(N) 2024-12-11T17:54:27 - Using built-in WebUI.
(N) 2024-12-11T17:54:27 - WebUI translation for selected locale (en) has been successfully loaded.
(N) 2024-12-11T17:54:27 - WebUI: Now listening on IP: *, port: 8090
(N) 2024-12-11T17:54:27 - Watching folder: "/volume1/Stuff/watch"
(N) 2024-12-11T17:54:27 - Watching folder: "/volume1/software/watch"
(N) 2024-12-11T17:54:27 - Watching folder: "/volume1/video/watch"
(W) 2024-12-11T17:54:32 - Couldn't download IP geolocation database file. Reason: The remote host name was not found (invalid hostname)
(I) 2024-12-11T17:54:35 - Successfully listening on IP. IP: "10.10.101.6". Port: "TCP/6881"
(I) 2024-12-11T17:54:35 - Successfully listening on IP. IP: "10.10.101.6". Port: "UTP/6881"
(I) 2024-12-11T17:54:35 - Successfully listening on IP. IP: "fe80::2210:c6a4:f6bf:a541%tun0". Port: "TCP/6881"
(I) 2024-12-11T17:54:35 - Successfully listening on IP. IP: "fe80::2210:c6a4:f6bf:a541%tun0". Port: "UTP/6881"
(I) 2024-12-11T18:04:38 - Detected external IP. IP: "109.201.135.166"
(W) 2024-12-11T18:35:21 - WebAPI login failure. Reason: invalid credentials, attempt count: 1, IP: ::ffff:172.21.0.1, username: delorenj
(W) 2024-12-11T18:35:30 - WebAPI login failure. Reason: invalid credentials, attempt count: 2, IP: ::ffff:172.21.0.1, username: delorenj
(W) 2024-12-11T18:35:36 - WebAPI login failure. Reason: invalid credentials, attempt count: 3, IP: ::ffff:172.21.0.1, username: delorenj
(N) 2024-12-11T18:45:12 - qBittorrent termination initiated
(N) 2024-12-11T18:45:12 - Saving resume data completed.
(N) 2024-12-11T18:45:12 - BitTorrent session successfully finished.
(N) 2024-12-11T18:45:12 - qBittorrent is now ready to exit
